<?xml version="1.0" encoding="UTF-8"?>
<testng-results ignored="0" total="1" passed="1" failed="0" skipped="0">
  <reporter-output>
  </reporter-output>
  <suite started-at="2023-01-11T18:37:34 IST" name="Default suite" finished-at="2023-01-11T18:37:51 IST" duration-ms="16738">
    <groups>
    </groups>
    <test started-at="2023-01-11T18:37:34 IST" name="Default test" finished-at="2023-01-11T18:37:51 IST" duration-ms="16738">
      <class name="Mainframe.initialpage">
        <test-method signature="baseclass()[pri:0, instance:Mainframe.initialpage@2b662a77]" started-at="2023-01-11T18:37:34 IST" name="baseclass" finished-at="2023-01-11T18:37:51 IST" duration-ms="16680" status="PASS">
          <reporter-output>
          </reporter-output>
        </test-method> <!-- baseclass -->
      </class> <!-- Mainframe.initialpage -->
    </test> <!-- Default test -->
  </suite> <!-- Default suite -->
</testng-results>
